<?xml version="1.0" encoding="UTF-8"?>
<!-- Generated by org.testng.reporters.JUnitXMLReporter -->
<testsuite ignored="0" hostname="RAGHU-LAPTOP999" failures="0" tests="5" name="Command line test" time="30.121" errors="0" timestamp="28 Oct 2022 03:21:24 GMT">
  <testcase classname="com.testNg.BaseTest" name="firstTest" time="1.615"/>
  <testcase classname="com.testNg.BaseTest" name="goToHackerrank" time="6.433"/>
  <testcase classname="com.testNg.BaseTest" name="clickOnHackerrank" time="4.981"/>
  <testcase classname="com.testNg.BaseTest" name="Login" time="9.089"/>
  <testcase classname="com.testNg.BaseTest" name="enterPassword" time="5.638"/>
</testsuite> <!-- Command line test -->
